<?xml version="1.0" encoding="UTF-8"?>
<!-- Generated by org.testng.reporters.JUnitReportReporter -->
<testsuite hostname="LAPTOP-395SOPEQ" failures="0" tests="1" name="org.seleniumproject.Facebook" time="13.481" errors="0" timestamp="2024-02-16T16:16:41 IST" skipped="0">
  <testcase classname="org.seleniumproject.Facebook" name="signUpAccount" time="13.481"/>
  <system-out/>
</testsuite> <!-- org.seleniumproject.Facebook -->
